\BOOKMARK [0][-]{chapter.1}{\376\377\000I\000n\000d\000e\000k\000s\000\040\000h\000i\000e\000r\000a\000r\000c\000h\000i\000c\000z\000n\000y}{}% 1
\BOOKMARK [1][-]{section.1.1}{\376\377\000H\000i\000e\000r\000a\000r\000c\000h\000i\000a\000\040\000k\000l\000a\000s}{chapter.1}% 2
\BOOKMARK [0][-]{chapter.2}{\376\377\000I\000n\000d\000e\000k\000s\000\040\000k\000l\000a\000s}{}% 3
\BOOKMARK [1][-]{section.2.1}{\376\377\000L\000i\000s\000t\000a\000\040\000k\000l\000a\000s}{chapter.2}% 4
\BOOKMARK [0][-]{chapter.3}{\376\377\000I\000n\000d\000e\000k\000s\000\040\000p\000l\000i\000k\000\363\000w}{}% 5
\BOOKMARK [1][-]{section.3.1}{\376\377\000L\000i\000s\000t\000a\000\040\000p\000l\000i\000k\000\363\000w}{chapter.3}% 6
\BOOKMARK [0][-]{chapter.4}{\376\377\000D\000o\000k\000u\000m\000e\000n\000t\000a\000c\000j\000a\000\040\000k\000l\000a\000s}{}% 7
\BOOKMARK [1][-]{section.4.1}{\376\377\000D\000o\000k\000u\000m\000e\000n\000t\000a\000c\000j\000a\000\040\000s\000z\000a\000b\000l\000o\000n\000u\000\040\000k\000l\000a\000s\000y\000\040\000A\000B\000D\000a\000t\000a\000<\000\040\000t\000y\000p\000e\000\040\000>}{chapter.4}% 8
\BOOKMARK [2][-]{subsection.4.1.1}{\376\377\000O\000p\000i\000s\000\040\000s\000z\000c\000z\000e\000g\000\363\001\102\000o\000w\000y}{section.4.1}% 9
\BOOKMARK [2][-]{subsection.4.1.2}{\376\377\000D\000o\000k\000u\000m\000e\000n\000t\000a\000c\000j\000a\000\040\000f\000u\000n\000k\000c\000j\000i\000\040\000s\000k\001\102\000a\000d\000o\000w\000y\000c\000h}{section.4.1}% 10
\BOOKMARK [3][-]{subsubsection.4.1.2.1}{\376\377\000p\000o\000p}{subsection.4.1.2}% 11
\BOOKMARK [3][-]{subsubsection.4.1.2.2}{\376\377\000p\000u\000s\000h}{subsection.4.1.2}% 12
\BOOKMARK [3][-]{subsubsection.4.1.2.3}{\376\377\000s\000i\000z\000e}{subsection.4.1.2}% 13
\BOOKMARK [1][-]{section.4.2}{\376\377\000D\000o\000k\000u\000m\000e\000n\000t\000a\000c\000j\000a\000\040\000s\000z\000a\000b\000l\000o\000n\000u\000\040\000s\000t\000r\000u\000k\000t\000u\000r\000y\000\040\000A\000s\000s\000o\000c\000D\000a\000t\000a\000<\000\040\000t\000y\000p\000e\000K\000e\000y\000,\000\040\000t\000y\000p\000e\000\040\000>}{chapter.4}% 14
\BOOKMARK [2][-]{subsection.4.2.1}{\376\377\000O\000p\000i\000s\000\040\000s\000z\000c\000z\000e\000g\000\363\001\102\000o\000w\000y}{section.4.2}% 15
\BOOKMARK [2][-]{subsection.4.2.2}{\376\377\000D\000o\000k\000u\000m\000e\000n\000t\000a\000c\000j\000a\000\040\000k\000o\000n\000s\000t\000r\000u\000k\000t\000o\000r\000a\000\040\000i\000\040\000d\000e\000s\000t\000r\000u\000k\000t\000o\000r\000a}{section.4.2}% 16
\BOOKMARK [3][-]{subsubsection.4.2.2.1}{\376\377\000A\000s\000s\000o\000c\000D\000a\000t\000a}{subsection.4.2.2}% 17
\BOOKMARK [3][-]{subsubsection.4.2.2.2}{\376\377\000A\000s\000s\000o\000c\000D\000a\000t\000a}{subsection.4.2.2}% 18
\BOOKMARK [3][-]{subsubsection.4.2.2.3}{\376\377\000A\000s\000s\000o\000c\000D\000a\000t\000a}{subsection.4.2.2}% 19
\BOOKMARK [2][-]{subsection.4.2.3}{\376\377\000D\000o\000k\000u\000m\000e\000n\000t\000a\000c\000j\000a\000\040\000a\000t\000r\000y\000b\000u\000t\000\363\000w\000\040\000s\000k\001\102\000a\000d\000o\000w\000y\000c\000h}{section.4.2}% 20
\BOOKMARK [3][-]{subsubsection.4.2.3.1}{\376\377\000k\000e\000y}{subsection.4.2.3}% 21
\BOOKMARK [3][-]{subsubsection.4.2.3.2}{\376\377\000v\000a\000l}{subsection.4.2.3}% 22
\BOOKMARK [1][-]{section.4.3}{\376\377\000D\000o\000k\000u\000m\000e\000n\000t\000a\000c\000j\000a\000\040\000s\000z\000a\000b\000l\000o\000n\000u\000\040\000k\000l\000a\000s\000y\000\040\000A\000s\000s\000o\000c\000T\000a\000b\000<\000\040\000t\000y\000p\000e\000K\000e\000y\000,\000\040\000t\000y\000p\000e\000\040\000>}{chapter.4}% 23
\BOOKMARK [2][-]{subsection.4.3.1}{\376\377\000O\000p\000i\000s\000\040\000s\000z\000c\000z\000e\000g\000\363\001\102\000o\000w\000y}{section.4.3}% 24
\BOOKMARK [2][-]{subsection.4.3.2}{\376\377\000D\000o\000k\000u\000m\000e\000n\000t\000a\000c\000j\000a\000\040\000k\000o\000n\000s\000t\000r\000u\000k\000t\000o\000r\000a\000\040\000i\000\040\000d\000e\000s\000t\000r\000u\000k\000t\000o\000r\000a}{section.4.3}% 25
\BOOKMARK [3][-]{subsubsection.4.3.2.1}{\376\377\000A\000s\000s\000o\000c\000T\000a\000b}{subsection.4.3.2}% 26
\BOOKMARK [3][-]{subsubsection.4.3.2.2}{\376\377\000A\000s\000s\000o\000c\000T\000a\000b}{subsection.4.3.2}% 27
\BOOKMARK [3][-]{subsubsection.4.3.2.3}{\376\377\000A\000s\000s\000o\000c\000T\000a\000b}{subsection.4.3.2}% 28
\BOOKMARK [2][-]{subsection.4.3.3}{\376\377\000D\000o\000k\000u\000m\000e\000n\000t\000a\000c\000j\000a\000\040\000f\000u\000n\000k\000c\000j\000i\000\040\000s\000k\001\102\000a\000d\000o\000w\000y\000c\000h}{section.4.3}% 29
\BOOKMARK [3][-]{subsubsection.4.3.3.1}{\376\377\000h\000a\000s\000h}{subsection.4.3.3}% 30
\BOOKMARK [3][-]{subsubsection.4.3.3.2}{\376\377\000o\000p\000e\000r\000a\000t\000o\000r\000[\000]}{subsection.4.3.3}% 31
\BOOKMARK [3][-]{subsubsection.4.3.3.3}{\376\377\000p\000o\000p}{subsection.4.3.3}% 32
\BOOKMARK [3][-]{subsubsection.4.3.3.4}{\376\377\000p\000u\000s\000h}{subsection.4.3.3}% 33
\BOOKMARK [3][-]{subsubsection.4.3.3.5}{\376\377\000s\000i\000z\000e}{subsection.4.3.3}% 34
\BOOKMARK [2][-]{subsection.4.3.4}{\376\377\000D\000o\000k\000u\000m\000e\000n\000t\000a\000c\000j\000a\000\040\000a\000t\000r\000y\000b\000u\000t\000\363\000w\000\040\000s\000k\001\102\000a\000d\000o\000w\000y\000c\000h}{section.4.3}% 35
\BOOKMARK [3][-]{subsubsection.4.3.4.1}{\376\377\000c\000o\000u\000n\000t\000e\000r}{subsection.4.3.4}% 36
\BOOKMARK [3][-]{subsubsection.4.3.4.2}{\376\377\000t\000a\000b}{subsection.4.3.4}% 37
\BOOKMARK [1][-]{section.4.4}{\376\377\000D\000o\000k\000u\000m\000e\000n\000t\000a\000c\000j\000a\000\040\000k\000l\000a\000s\000y\000\040\000B\000e\000n\000c\000h\000m\000a\000r\000k}{chapter.4}% 38
\BOOKMARK [2][-]{subsection.4.4.1}{\376\377\000O\000p\000i\000s\000\040\000s\000z\000c\000z\000e\000g\000\363\001\102\000o\000w\000y}{section.4.4}% 39
\BOOKMARK [2][-]{subsection.4.4.2}{\376\377\000D\000o\000k\000u\000m\000e\000n\000t\000a\000c\000j\000a\000\040\000k\000o\000n\000s\000t\000r\000u\000k\000t\000o\000r\000a\000\040\000i\000\040\000d\000e\000s\000t\000r\000u\000k\000t\000o\000r\000a}{section.4.4}% 40
\BOOKMARK [3][-]{subsubsection.4.4.2.1}{\376\377\000B\000e\000n\000c\000h\000m\000a\000r\000k}{subsection.4.4.2}% 41
\BOOKMARK [2][-]{subsection.4.4.3}{\376\377\000D\000o\000k\000u\000m\000e\000n\000t\000a\000c\000j\000a\000\040\000f\000u\000n\000k\000c\000j\000i\000\040\000s\000k\001\102\000a\000d\000o\000w\000y\000c\000h}{section.4.4}% 42
\BOOKMARK [3][-]{subsubsection.4.4.3.1}{\376\377\000c\000a\000l\000c\000\137\000m\000e\000a\000n}{subsection.4.4.3}% 43
\BOOKMARK [3][-]{subsubsection.4.4.3.2}{\376\377\000n\000o\000t\000i\000f\000y}{subsection.4.4.3}% 44
\BOOKMARK [3][-]{subsubsection.4.4.3.3}{\376\377\000r\000u\000n\000B\000e\000n\000c\000h\000m\000a\000r\000k\000F\000i\000l\000l\000T\000r\000e\000e}{subsection.4.4.3}% 45
\BOOKMARK [3][-]{subsubsection.4.4.3.4}{\376\377\000r\000u\000n\000B\000e\000n\000c\000h\000m\000a\000r\000k\000S\000e\000a\000r\000c\000h\000T\000r\000e\000e}{subsection.4.4.3}% 46
\BOOKMARK [3][-]{subsubsection.4.4.3.5}{\376\377\000r\000u\000n\000B\000e\000n\000c\000h\000m\000a\000r\000k\000S\000o\000r\000t}{subsection.4.4.3}% 47
\BOOKMARK [3][-]{subsubsection.4.4.3.6}{\376\377\000s\000t\000o\000p\000\137\000C\000t\000i\000m\000e\000r}{subsection.4.4.3}% 48
\BOOKMARK [2][-]{subsection.4.4.4}{\376\377\000D\000o\000k\000u\000m\000e\000n\000t\000a\000c\000j\000a\000\040\000a\000t\000r\000y\000b\000u\000t\000\363\000w\000\040\000s\000k\001\102\000a\000d\000o\000w\000y\000c\000h}{section.4.4}% 49
\BOOKMARK [3][-]{subsubsection.4.4.4.1}{\376\377\000a\000m\000o\000u\000n\000t}{subsection.4.4.4}% 50
\BOOKMARK [3][-]{subsubsection.4.4.4.2}{\376\377\000c\000o\000u\000n\000t\000e\000r}{subsection.4.4.4}% 51
\BOOKMARK [3][-]{subsubsection.4.4.4.3}{\376\377\000m\000e\000a\000n}{subsection.4.4.4}% 52
\BOOKMARK [3][-]{subsubsection.4.4.4.4}{\376\377\000t\000o\000t\000a\000l}{subsection.4.4.4}% 53
\BOOKMARK [1][-]{section.4.5}{\376\377\000D\000o\000k\000u\000m\000e\000n\000t\000a\000c\000j\000a\000\040\000s\000z\000a\000b\000l\000o\000n\000u\000\040\000k\000l\000a\000s\000y\000\040\000B\000i\000n\000a\000r\000y\000T\000r\000e\000e\000<\000\040\000t\000y\000p\000e\000\040\000>}{chapter.4}% 54
\BOOKMARK [2][-]{subsection.4.5.1}{\376\377\000O\000p\000i\000s\000\040\000s\000z\000c\000z\000e\000g\000\363\001\102\000o\000w\000y}{section.4.5}% 55
\BOOKMARK [2][-]{subsection.4.5.2}{\376\377\000D\000o\000k\000u\000m\000e\000n\000t\000a\000c\000j\000a\000\040\000k\000o\000n\000s\000t\000r\000u\000k\000t\000o\000r\000a\000\040\000i\000\040\000d\000e\000s\000t\000r\000u\000k\000t\000o\000r\000a}{section.4.5}% 56
\BOOKMARK [3][-]{subsubsection.4.5.2.1}{\376\377\000B\000i\000n\000a\000r\000y\000T\000r\000e\000e}{subsection.4.5.2}% 57
\BOOKMARK [3][-]{subsubsection.4.5.2.2}{\376\377\000B\000i\000n\000a\000r\000y\000T\000r\000e\000e}{subsection.4.5.2}% 58
\BOOKMARK [2][-]{subsection.4.5.3}{\376\377\000D\000o\000k\000u\000m\000e\000n\000t\000a\000c\000j\000a\000\040\000f\000u\000n\000k\000c\000j\000i\000\040\000s\000k\001\102\000a\000d\000o\000w\000y\000c\000h}{section.4.5}% 59
\BOOKMARK [3][-]{subsubsection.4.5.3.1}{\376\377\000b\000a\000l\000a\000n\000c\000e}{subsection.4.5.3}% 60
\BOOKMARK [3][-]{subsubsection.4.5.3.2}{\376\377\000c\000l\000e\000a\000r}{subsection.4.5.3}% 61
\BOOKMARK [3][-]{subsubsection.4.5.3.3}{\376\377\000d\000e\000l\000e\000t\000e\000T\000r\000e\000e}{subsection.4.5.3}% 62
\BOOKMARK [3][-]{subsubsection.4.5.3.4}{\376\377\000f\000i\000n\000d\000M\000i\000n}{subsection.4.5.3}% 63
\BOOKMARK [3][-]{subsubsection.4.5.3.5}{\376\377\000h\000e\000i\000g\000h\000t}{subsection.4.5.3}% 64
\BOOKMARK [3][-]{subsubsection.4.5.3.6}{\376\377\000h\000e\000i\000g\000h\000t}{subsection.4.5.3}% 65
\BOOKMARK [3][-]{subsubsection.4.5.3.7}{\376\377\000i\000n\000s\000e\000r\000t}{subsection.4.5.3}% 66
\BOOKMARK [3][-]{subsubsection.4.5.3.8}{\376\377\000i\000n\000s\000e\000r\000t}{subsection.4.5.3}% 67
\BOOKMARK [3][-]{subsubsection.4.5.3.9}{\376\377\000p\000r\000i\000n\000t}{subsection.4.5.3}% 68
\BOOKMARK [3][-]{subsubsection.4.5.3.10}{\376\377\000p\000r\000i\000n\000t}{subsection.4.5.3}% 69
\BOOKMARK [3][-]{subsubsection.4.5.3.11}{\376\377\000r\000e\000m\000o\000v\000e}{subsection.4.5.3}% 70
\BOOKMARK [3][-]{subsubsection.4.5.3.12}{\376\377\000r\000e\000m\000o\000v\000e}{subsection.4.5.3}% 71
\BOOKMARK [3][-]{subsubsection.4.5.3.13}{\376\377\000r\000o\000t\000a\000t\000e\000L\000e\000f\000t}{subsection.4.5.3}% 72
\BOOKMARK [3][-]{subsubsection.4.5.3.14}{\376\377\000r\000o\000t\000a\000t\000e\000R\000i\000g\000h\000t}{subsection.4.5.3}% 73
\BOOKMARK [3][-]{subsubsection.4.5.3.15}{\376\377\000s\000e\000a\000r\000c\000h}{subsection.4.5.3}% 74
\BOOKMARK [2][-]{subsection.4.5.4}{\376\377\000D\000o\000k\000u\000m\000e\000n\000t\000a\000c\000j\000a\000\040\000a\000t\000r\000y\000b\000u\000t\000\363\000w\000\040\000s\000k\001\102\000a\000d\000o\000w\000y\000c\000h}{section.4.5}% 75
\BOOKMARK [3][-]{subsubsection.4.5.4.1}{\376\377\000n\000u\000m\000b\000e\000r\000O\000f\000N\000o\000d\000e\000s}{subsection.4.5.4}% 76
\BOOKMARK [3][-]{subsubsection.4.5.4.2}{\376\377\000r\000o\000o\000t}{subsection.4.5.4}% 77
\BOOKMARK [1][-]{section.4.6}{\376\377\000D\000o\000k\000u\000m\000e\000n\000t\000a\000c\000j\000a\000\040\000s\000z\000a\000b\000l\000o\000n\000u\000\040\000k\000l\000a\000s\000y\000\040\000I\000t\000e\000r\000a\000b\000l\000e\000<\000\040\000t\000y\000p\000e\000\040\000>}{chapter.4}% 78
\BOOKMARK [2][-]{subsection.4.6.1}{\376\377\000O\000p\000i\000s\000\040\000s\000z\000c\000z\000e\000g\000\363\001\102\000o\000w\000y}{section.4.6}% 79
\BOOKMARK [2][-]{subsection.4.6.2}{\376\377\000D\000o\000k\000u\000m\000e\000n\000t\000a\000c\000j\000a\000\040\000f\000u\000n\000k\000c\000j\000i\000\040\000s\000k\001\102\000a\000d\000o\000w\000y\000c\000h}{section.4.6}% 80
\BOOKMARK [3][-]{subsubsection.4.6.2.1}{\376\377\000o\000p\000e\000r\000a\000t\000o\000r\000[\000]}{subsection.4.6.2}% 81
\BOOKMARK [1][-]{section.4.7}{\376\377\000D\000o\000k\000u\000m\000e\000n\000t\000a\000c\000j\000a\000\040\000s\000z\000a\000b\000l\000o\000n\000u\000\040\000k\000l\000a\000s\000y\000\040\000L\000i\000s\000t\000<\000\040\000t\000y\000p\000e\000\040\000>}{chapter.4}% 82
\BOOKMARK [2][-]{subsection.4.7.1}{\376\377\000O\000p\000i\000s\000\040\000s\000z\000c\000z\000e\000g\000\363\001\102\000o\000w\000y}{section.4.7}% 83
\BOOKMARK [2][-]{subsection.4.7.2}{\376\377\000D\000o\000k\000u\000m\000e\000n\000t\000a\000c\000j\000a\000\040\000k\000o\000n\000s\000t\000r\000u\000k\000t\000o\000r\000a\000\040\000i\000\040\000d\000e\000s\000t\000r\000u\000k\000t\000o\000r\000a}{section.4.7}% 84
\BOOKMARK [3][-]{subsubsection.4.7.2.1}{\376\377\000L\000i\000s\000t}{subsection.4.7.2}% 85
\BOOKMARK [2][-]{subsection.4.7.3}{\376\377\000D\000o\000k\000u\000m\000e\000n\000t\000a\000c\000j\000a\000\040\000f\000u\000n\000k\000c\000j\000i\000\040\000s\000k\001\102\000a\000d\000o\000w\000y\000c\000h}{section.4.7}% 86
\BOOKMARK [3][-]{subsubsection.4.7.3.1}{\376\377\000o\000p\000e\000r\000a\000t\000o\000r\000[\000]}{subsection.4.7.3}% 87
\BOOKMARK [3][-]{subsubsection.4.7.3.2}{\376\377\000p\000o\000p}{subsection.4.7.3}% 88
\BOOKMARK [3][-]{subsubsection.4.7.3.3}{\376\377\000p\000o\000p}{subsection.4.7.3}% 89
\BOOKMARK [3][-]{subsubsection.4.7.3.4}{\376\377\000p\000u\000s\000h}{subsection.4.7.3}% 90
\BOOKMARK [3][-]{subsubsection.4.7.3.5}{\376\377\000s\000i\000z\000e}{subsection.4.7.3}% 91
\BOOKMARK [2][-]{subsection.4.7.4}{\376\377\000D\000o\000k\000u\000m\000e\000n\000t\000a\000c\000j\000a\000\040\000a\000t\000r\000y\000b\000u\000t\000\363\000w\000\040\000s\000k\001\102\000a\000d\000o\000w\000y\000c\000h}{section.4.7}% 92
\BOOKMARK [3][-]{subsubsection.4.7.4.1}{\376\377\000h\000e\000a\000d}{subsection.4.7.4}% 93
\BOOKMARK [3][-]{subsubsection.4.7.4.2}{\376\377\000i\000t\000e\000r\000a\000t\000o\000r}{subsection.4.7.4}% 94
\BOOKMARK [1][-]{section.4.8}{\376\377\000D\000o\000k\000u\000m\000e\000n\000t\000a\000c\000j\000a\000\040\000s\000z\000a\000b\000l\000o\000n\000u\000\040\000k\000l\000a\000s\000y\000\040\000L\000i\000s\000t\000A\000r\000r\000a\000y\000<\000\040\000t\000y\000p\000e\000\040\000>}{chapter.4}% 95
\BOOKMARK [2][-]{subsection.4.8.1}{\376\377\000O\000p\000i\000s\000\040\000s\000z\000c\000z\000e\000g\000\363\001\102\000o\000w\000y}{section.4.8}% 96
\BOOKMARK [2][-]{subsection.4.8.2}{\376\377\000D\000o\000k\000u\000m\000e\000n\000t\000a\000c\000j\000a\000\040\000k\000o\000n\000s\000t\000r\000u\000k\000t\000o\000r\000a\000\040\000i\000\040\000d\000e\000s\000t\000r\000u\000k\000t\000o\000r\000a}{section.4.8}% 97
\BOOKMARK [3][-]{subsubsection.4.8.2.1}{\376\377\000L\000i\000s\000t\000A\000r\000r\000a\000y}{subsection.4.8.2}% 98
\BOOKMARK [3][-]{subsubsection.4.8.2.2}{\376\377\000L\000i\000s\000t\000A\000r\000r\000a\000y}{subsection.4.8.2}% 99
\BOOKMARK [2][-]{subsection.4.8.3}{\376\377\000D\000o\000k\000u\000m\000e\000n\000t\000a\000c\000j\000a\000\040\000f\000u\000n\000k\000c\000j\000i\000\040\000s\000k\001\102\000a\000d\000o\000w\000y\000c\000h}{section.4.8}% 100
\BOOKMARK [3][-]{subsubsection.4.8.3.1}{\376\377\000o\000p\000e\000r\000a\000t\000o\000r\000[\000]}{subsection.4.8.3}% 101
\BOOKMARK [3][-]{subsubsection.4.8.3.2}{\376\377\000p\000o\000p}{subsection.4.8.3}% 102
\BOOKMARK [3][-]{subsubsection.4.8.3.3}{\376\377\000p\000u\000s\000h}{subsection.4.8.3}% 103
\BOOKMARK [3][-]{subsubsection.4.8.3.4}{\376\377\000s\000i\000z\000e}{subsection.4.8.3}% 104
\BOOKMARK [2][-]{subsection.4.8.4}{\376\377\000D\000o\000k\000u\000m\000e\000n\000t\000a\000c\000j\000a\000\040\000a\000t\000r\000y\000b\000u\000t\000\363\000w\000\040\000s\000k\001\102\000a\000d\000o\000w\000y\000c\000h}{section.4.8}% 105
\BOOKMARK [3][-]{subsubsection.4.8.4.1}{\376\377\000c\000o\000u\000n\000t\000e\000r}{subsection.4.8.4}% 106
\BOOKMARK [3][-]{subsubsection.4.8.4.2}{\376\377\000i\000t\000e\000r\000a\000t\000o\000r}{subsection.4.8.4}% 107
\BOOKMARK [3][-]{subsubsection.4.8.4.3}{\376\377\000t\000a\000b}{subsection.4.8.4}% 108
\BOOKMARK [1][-]{section.4.9}{\376\377\000D\000o\000k\000u\000m\000e\000n\000t\000a\000c\000j\000a\000\040\000s\000z\000a\000b\000l\000o\000n\000u\000\040\000s\000t\000r\000u\000k\000t\000u\000r\000y\000\040\000n\000o\000d\000e\000<\000\040\000t\000y\000p\000e\000\040\000>}{chapter.4}% 109
\BOOKMARK [2][-]{subsection.4.9.1}{\376\377\000O\000p\000i\000s\000\040\000s\000z\000c\000z\000e\000g\000\363\001\102\000o\000w\000y}{section.4.9}% 110
\BOOKMARK [2][-]{subsection.4.9.2}{\376\377\000D\000o\000k\000u\000m\000e\000n\000t\000a\000c\000j\000a\000\040\000k\000o\000n\000s\000t\000r\000u\000k\000t\000o\000r\000a\000\040\000i\000\040\000d\000e\000s\000t\000r\000u\000k\000t\000o\000r\000a}{section.4.9}% 111
\BOOKMARK [3][-]{subsubsection.4.9.2.1}{\376\377\000n\000o\000d\000e}{subsection.4.9.2}% 112
\BOOKMARK [3][-]{subsubsection.4.9.2.2}{\376\377\000n\000o\000d\000e}{subsection.4.9.2}% 113
\BOOKMARK [2][-]{subsection.4.9.3}{\376\377\000D\000o\000k\000u\000m\000e\000n\000t\000a\000c\000j\000a\000\040\000a\000t\000r\000y\000b\000u\000t\000\363\000w\000\040\000s\000k\001\102\000a\000d\000o\000w\000y\000c\000h}{section.4.9}% 114
\BOOKMARK [3][-]{subsubsection.4.9.3.1}{\376\377\000n\000e\000x\000t}{subsection.4.9.3}% 115
\BOOKMARK [3][-]{subsubsection.4.9.3.2}{\376\377\000v\000a\000l}{subsection.4.9.3}% 116
\BOOKMARK [1][-]{section.4.10}{\376\377\000D\000o\000k\000u\000m\000e\000n\000t\000a\000c\000j\000a\000\040\000k\000l\000a\000s\000y\000\040\000O\000b\000s\000e\000r\000v\000e\000r}{chapter.4}% 117
\BOOKMARK [2][-]{subsection.4.10.1}{\376\377\000O\000p\000i\000s\000\040\000s\000z\000c\000z\000e\000g\000\363\001\102\000o\000w\000y}{section.4.10}% 118
\BOOKMARK [2][-]{subsection.4.10.2}{\376\377\000D\000o\000k\000u\000m\000e\000n\000t\000a\000c\000j\000a\000\040\000f\000u\000n\000k\000c\000j\000i\000\040\000s\000k\001\102\000a\000d\000o\000w\000y\000c\000h}{section.4.10}% 119
\BOOKMARK [3][-]{subsubsection.4.10.2.1}{\376\377\000u\000p\000d\000a\000t\000e}{subsection.4.10.2}% 120
\BOOKMARK [1][-]{section.4.11}{\376\377\000D\000o\000k\000u\000m\000e\000n\000t\000a\000c\000j\000a\000\040\000s\000z\000a\000b\000l\000o\000n\000u\000\040\000k\000l\000a\000s\000y\000\040\000Q\000u\000e\000u\000e\000<\000\040\000t\000y\000p\000e\000\040\000>}{chapter.4}% 121
\BOOKMARK [2][-]{subsection.4.11.1}{\376\377\000O\000p\000i\000s\000\040\000s\000z\000c\000z\000e\000g\000\363\001\102\000o\000w\000y}{section.4.11}% 122
\BOOKMARK [2][-]{subsection.4.11.2}{\376\377\000D\000o\000k\000u\000m\000e\000n\000t\000a\000c\000j\000a\000\040\000k\000o\000n\000s\000t\000r\000u\000k\000t\000o\000r\000a\000\040\000i\000\040\000d\000e\000s\000t\000r\000u\000k\000t\000o\000r\000a}{section.4.11}% 123
\BOOKMARK [3][-]{subsubsection.4.11.2.1}{\376\377\000Q\000u\000e\000u\000e}{subsection.4.11.2}% 124
\BOOKMARK [2][-]{subsection.4.11.3}{\376\377\000D\000o\000k\000u\000m\000e\000n\000t\000a\000c\000j\000a\000\040\000f\000u\000n\000k\000c\000j\000i\000\040\000s\000k\001\102\000a\000d\000o\000w\000y\000c\000h}{section.4.11}% 125
\BOOKMARK [3][-]{subsubsection.4.11.3.1}{\376\377\000d\000i\000s\000p\000l\000a\000y}{subsection.4.11.3}% 126
\BOOKMARK [3][-]{subsubsection.4.11.3.2}{\376\377\000o\000p\000e\000r\000a\000t\000o\000r\000[\000]}{subsection.4.11.3}% 127
\BOOKMARK [3][-]{subsubsection.4.11.3.3}{\376\377\000p\000o\000p}{subsection.4.11.3}% 128
\BOOKMARK [3][-]{subsubsection.4.11.3.4}{\376\377\000p\000u\000s\000h}{subsection.4.11.3}% 129
\BOOKMARK [3][-]{subsubsection.4.11.3.5}{\376\377\000s\000i\000z\000e}{subsection.4.11.3}% 130
\BOOKMARK [2][-]{subsection.4.11.4}{\376\377\000D\000o\000k\000u\000m\000e\000n\000t\000a\000c\000j\000a\000\040\000a\000t\000r\000y\000b\000u\000t\000\363\000w\000\040\000s\000k\001\102\000a\000d\000o\000w\000y\000c\000h}{section.4.11}% 131
\BOOKMARK [3][-]{subsubsection.4.11.4.1}{\376\377\000h\000e\000a\000d}{subsection.4.11.4}% 132
\BOOKMARK [3][-]{subsubsection.4.11.4.2}{\376\377\000i\000t\000e\000r\000a\000t\000o\000r}{subsection.4.11.4}% 133
\BOOKMARK [1][-]{section.4.12}{\376\377\000D\000o\000k\000u\000m\000e\000n\000t\000a\000c\000j\000a\000\040\000s\000z\000a\000b\000l\000o\000n\000u\000\040\000s\000t\000r\000u\000k\000t\000u\000r\000y\000\040\000r\000b\000t\000r\000e\000e\000n\000o\000d\000e\000<\000\040\000t\000y\000p\000e\000\040\000>}{chapter.4}% 134
\BOOKMARK [2][-]{subsection.4.12.1}{\376\377\000O\000p\000i\000s\000\040\000s\000z\000c\000z\000e\000g\000\363\001\102\000o\000w\000y}{section.4.12}% 135
\BOOKMARK [2][-]{subsection.4.12.2}{\376\377\000D\000o\000k\000u\000m\000e\000n\000t\000a\000c\000j\000a\000\040\000k\000o\000n\000s\000t\000r\000u\000k\000t\000o\000r\000a\000\040\000i\000\040\000d\000e\000s\000t\000r\000u\000k\000t\000o\000r\000a}{section.4.12}% 136
\BOOKMARK [3][-]{subsubsection.4.12.2.1}{\376\377\000r\000b\000t\000r\000e\000e\000n\000o\000d\000e}{subsection.4.12.2}% 137
\BOOKMARK [2][-]{subsection.4.12.3}{\376\377\000D\000o\000k\000u\000m\000e\000n\000t\000a\000c\000j\000a\000\040\000a\000t\000r\000y\000b\000u\000t\000\363\000w\000\040\000s\000k\001\102\000a\000d\000o\000w\000y\000c\000h}{section.4.12}% 138
\BOOKMARK [3][-]{subsubsection.4.12.3.1}{\376\377\000c\000o\000l\000o\000r}{subsection.4.12.3}% 139
\BOOKMARK [3][-]{subsubsection.4.12.3.2}{\376\377\000l\000e\000f\000t}{subsection.4.12.3}% 140
\BOOKMARK [3][-]{subsubsection.4.12.3.3}{\376\377\000p\000a\000r\000e\000n\000t}{subsection.4.12.3}% 141
\BOOKMARK [3][-]{subsubsection.4.12.3.4}{\376\377\000r\000i\000g\000h\000t}{subsection.4.12.3}% 142
\BOOKMARK [3][-]{subsubsection.4.12.3.5}{\376\377\000v\000a\000l}{subsection.4.12.3}% 143
\BOOKMARK [1][-]{section.4.13}{\376\377\000D\000o\000k\000u\000m\000e\000n\000t\000a\000c\000j\000a\000\040\000s\000z\000a\000b\000l\000o\000n\000u\000\040\000k\000l\000a\000s\000y\000\040\000R\000e\000d\000B\000l\000a\000c\000k\000T\000r\000e\000e\000<\000\040\000t\000y\000p\000e\000\040\000>}{chapter.4}% 144
\BOOKMARK [2][-]{subsection.4.13.1}{\376\377\000O\000p\000i\000s\000\040\000s\000z\000c\000z\000e\000g\000\363\001\102\000o\000w\000y}{section.4.13}% 145
\BOOKMARK [2][-]{subsection.4.13.2}{\376\377\000D\000o\000k\000u\000m\000e\000n\000t\000a\000c\000j\000a\000\040\000k\000o\000n\000s\000t\000r\000u\000k\000t\000o\000r\000a\000\040\000i\000\040\000d\000e\000s\000t\000r\000u\000k\000t\000o\000r\000a}{section.4.13}% 146
\BOOKMARK [3][-]{subsubsection.4.13.2.1}{\376\377\000R\000e\000d\000B\000l\000a\000c\000k\000T\000r\000e\000e}{subsection.4.13.2}% 147
\BOOKMARK [3][-]{subsubsection.4.13.2.2}{\376\377\000R\000e\000d\000B\000l\000a\000c\000k\000T\000r\000e\000e}{subsection.4.13.2}% 148
\BOOKMARK [2][-]{subsection.4.13.3}{\376\377\000D\000o\000k\000u\000m\000e\000n\000t\000a\000c\000j\000a\000\040\000f\000u\000n\000k\000c\000j\000i\000\040\000s\000k\001\102\000a\000d\000o\000w\000y\000c\000h}{section.4.13}% 149
\BOOKMARK [3][-]{subsubsection.4.13.3.1}{\376\377\000c\000l\000e\000a\000r}{subsection.4.13.3}% 150
\BOOKMARK [3][-]{subsubsection.4.13.3.2}{\376\377\000c\000o\000r\000r\000e\000c\000t}{subsection.4.13.3}% 151
\BOOKMARK [3][-]{subsubsection.4.13.3.3}{\376\377\000c\000o\000r\000r\000e\000c\000t\000L\000e\000f\000t}{subsection.4.13.3}% 152
\BOOKMARK [3][-]{subsubsection.4.13.3.4}{\376\377\000c\000o\000r\000r\000e\000c\000t\000R\000i\000g\000h\000t}{subsection.4.13.3}% 153
\BOOKMARK [3][-]{subsubsection.4.13.3.5}{\376\377\000c\000r\000e\000a\000t\000e\000B\000i\000n\000d\000i\000n\000g\000s}{subsection.4.13.3}% 154
\BOOKMARK [3][-]{subsubsection.4.13.3.6}{\376\377\000d\000e\000l\000e\000t\000e\000T\000r\000e\000e}{subsection.4.13.3}% 155
\BOOKMARK [3][-]{subsubsection.4.13.3.7}{\376\377\000f\000i\000n\000d\000M\000i\000n}{subsection.4.13.3}% 156
\BOOKMARK [3][-]{subsubsection.4.13.3.8}{\376\377\000f\000i\000n\000d\000S\000u\000i\000t\000a\000b\000l\000e\000P\000a\000r\000e\000n\000t}{subsection.4.13.3}% 157
\BOOKMARK [3][-]{subsubsection.4.13.3.9}{\376\377\000i\000n\000i\000t}{subsection.4.13.3}% 158
\BOOKMARK [3][-]{subsubsection.4.13.3.10}{\376\377\000i\000n\000s\000e\000r\000t}{subsection.4.13.3}% 159
\BOOKMARK [3][-]{subsubsection.4.13.3.11}{\376\377\000p\000r\000i\000n\000t}{subsection.4.13.3}% 160
\BOOKMARK [3][-]{subsubsection.4.13.3.12}{\376\377\000p\000r\000i\000n\000t}{subsection.4.13.3}% 161
\BOOKMARK [3][-]{subsubsection.4.13.3.13}{\376\377\000r\000e\000m\000o\000v\000e}{subsection.4.13.3}% 162
\BOOKMARK [3][-]{subsubsection.4.13.3.14}{\376\377\000r\000e\000m\000o\000v\000e}{subsection.4.13.3}% 163
\BOOKMARK [3][-]{subsubsection.4.13.3.15}{\376\377\000r\000o\000t\000a\000t\000e\000L\000e\000f\000t}{subsection.4.13.3}% 164
\BOOKMARK [3][-]{subsubsection.4.13.3.16}{\376\377\000r\000o\000t\000a\000t\000e\000R\000i\000g\000h\000t}{subsection.4.13.3}% 165
\BOOKMARK [3][-]{subsubsection.4.13.3.17}{\376\377\000s\000e\000a\000r\000c\000h}{subsection.4.13.3}% 166
\BOOKMARK [3][-]{subsubsection.4.13.3.18}{\376\377\000s\000e\000t\000N\000e\000w\000R\000o\000o\000t}{subsection.4.13.3}% 167
\BOOKMARK [2][-]{subsection.4.13.4}{\376\377\000D\000o\000k\000u\000m\000e\000n\000t\000a\000c\000j\000a\000\040\000a\000t\000r\000y\000b\000u\000t\000\363\000w\000\040\000s\000k\001\102\000a\000d\000o\000w\000y\000c\000h}{section.4.13}% 168
\BOOKMARK [3][-]{subsubsection.4.13.4.1}{\376\377\000r\000o\000o\000t}{subsection.4.13.4}% 169
\BOOKMARK [3][-]{subsubsection.4.13.4.2}{\376\377\000s\000e\000n\000t\000i\000n\000e\000l}{subsection.4.13.4}% 170
\BOOKMARK [1][-]{section.4.14}{\376\377\000D\000o\000k\000u\000m\000e\000n\000t\000a\000c\000j\000a\000\040\000k\000l\000a\000s\000y\000\040\000S\000a\000v\000e\000T\000o\000F\000i\000l\000e}{chapter.4}% 171
\BOOKMARK [2][-]{subsection.4.14.1}{\376\377\000O\000p\000i\000s\000\040\000s\000z\000c\000z\000e\000g\000\363\001\102\000o\000w\000y}{section.4.14}% 172
\BOOKMARK [2][-]{subsection.4.14.2}{\376\377\000D\000o\000k\000u\000m\000e\000n\000t\000a\000c\000j\000a\000\040\000f\000u\000n\000k\000c\000j\000i\000\040\000s\000k\001\102\000a\000d\000o\000w\000y\000c\000h}{section.4.14}% 173
\BOOKMARK [3][-]{subsubsection.4.14.2.1}{\376\377\000u\000p\000d\000a\000t\000e}{subsection.4.14.2}% 174
\BOOKMARK [1][-]{section.4.15}{\376\377\000D\000o\000k\000u\000m\000e\000n\000t\000a\000c\000j\000a\000\040\000s\000z\000a\000b\000l\000o\000n\000u\000\040\000k\000l\000a\000s\000y\000\040\000S\000t\000a\000c\000k\000<\000\040\000t\000y\000p\000e\000\040\000>}{chapter.4}% 175
\BOOKMARK [2][-]{subsection.4.15.1}{\376\377\000O\000p\000i\000s\000\040\000s\000z\000c\000z\000e\000g\000\363\001\102\000o\000w\000y}{section.4.15}% 176
\BOOKMARK [2][-]{subsection.4.15.2}{\376\377\000D\000o\000k\000u\000m\000e\000n\000t\000a\000c\000j\000a\000\040\000k\000o\000n\000s\000t\000r\000u\000k\000t\000o\000r\000a\000\040\000i\000\040\000d\000e\000s\000t\000r\000u\000k\000t\000o\000r\000a}{section.4.15}% 177
\BOOKMARK [3][-]{subsubsection.4.15.2.1}{\376\377\000S\000t\000a\000c\000k}{subsection.4.15.2}% 178
\BOOKMARK [2][-]{subsection.4.15.3}{\376\377\000D\000o\000k\000u\000m\000e\000n\000t\000a\000c\000j\000a\000\040\000f\000u\000n\000k\000c\000j\000i\000\040\000s\000k\001\102\000a\000d\000o\000w\000y\000c\000h}{section.4.15}% 179
\BOOKMARK [3][-]{subsubsection.4.15.3.1}{\376\377\000d\000i\000s\000p\000l\000a\000y}{subsection.4.15.3}% 180
\BOOKMARK [3][-]{subsubsection.4.15.3.2}{\376\377\000o\000p\000e\000r\000a\000t\000o\000r\000[\000]}{subsection.4.15.3}% 181
\BOOKMARK [3][-]{subsubsection.4.15.3.3}{\376\377\000p\000o\000p}{subsection.4.15.3}% 182
\BOOKMARK [3][-]{subsubsection.4.15.3.4}{\376\377\000p\000u\000s\000h}{subsection.4.15.3}% 183
\BOOKMARK [3][-]{subsubsection.4.15.3.5}{\376\377\000s\000i\000z\000e}{subsection.4.15.3}% 184
\BOOKMARK [2][-]{subsection.4.15.4}{\376\377\000D\000o\000k\000u\000m\000e\000n\000t\000a\000c\000j\000a\000\040\000a\000t\000r\000y\000b\000u\000t\000\363\000w\000\040\000s\000k\001\102\000a\000d\000o\000w\000y\000c\000h}{section.4.15}% 185
\BOOKMARK [3][-]{subsubsection.4.15.4.1}{\376\377\000h\000e\000a\000d}{subsection.4.15.4}% 186
\BOOKMARK [3][-]{subsubsection.4.15.4.2}{\376\377\000i\000t\000e\000r\000a\000t\000o\000r}{subsection.4.15.4}% 187
\BOOKMARK [1][-]{section.4.16}{\376\377\000D\000o\000k\000u\000m\000e\000n\000t\000a\000c\000j\000a\000\040\000k\000l\000a\000s\000y\000\040\000S\000u\000b\000j\000e\000c\000t}{chapter.4}% 188
\BOOKMARK [2][-]{subsection.4.16.1}{\376\377\000O\000p\000i\000s\000\040\000s\000z\000c\000z\000e\000g\000\363\001\102\000o\000w\000y}{section.4.16}% 189
\BOOKMARK [2][-]{subsection.4.16.2}{\376\377\000D\000o\000k\000u\000m\000e\000n\000t\000a\000c\000j\000a\000\040\000f\000u\000n\000k\000c\000j\000i\000\040\000s\000k\001\102\000a\000d\000o\000w\000y\000c\000h}{section.4.16}% 190
\BOOKMARK [3][-]{subsubsection.4.16.2.1}{\376\377\000a\000d\000d\000O\000b\000s}{subsection.4.16.2}% 191
\BOOKMARK [3][-]{subsubsection.4.16.2.2}{\376\377\000n\000o\000t\000i\000f\000y}{subsection.4.16.2}% 192
\BOOKMARK [2][-]{subsection.4.16.3}{\376\377\000D\000o\000k\000u\000m\000e\000n\000t\000a\000c\000j\000a\000\040\000a\000t\000r\000y\000b\000u\000t\000\363\000w\000\040\000s\000k\001\102\000a\000d\000o\000w\000y\000c\000h}{section.4.16}% 193
\BOOKMARK [3][-]{subsubsection.4.16.3.1}{\376\377\000o\000b\000s\000s}{subsection.4.16.3}% 194
\BOOKMARK [1][-]{section.4.17}{\376\377\000D\000o\000k\000u\000m\000e\000n\000t\000a\000c\000j\000a\000\040\000k\000l\000a\000s\000y\000\040\000T\000i\000m\000e\000r}{chapter.4}% 195
\BOOKMARK [2][-]{subsection.4.17.1}{\376\377\000O\000p\000i\000s\000\040\000s\000z\000c\000z\000e\000g\000\363\001\102\000o\000w\000y}{section.4.17}% 196
\BOOKMARK [2][-]{subsection.4.17.2}{\376\377\000D\000o\000k\000u\000m\000e\000n\000t\000a\000c\000j\000a\000\040\000k\000o\000n\000s\000t\000r\000u\000k\000t\000o\000r\000a\000\040\000i\000\040\000d\000e\000s\000t\000r\000u\000k\000t\000o\000r\000a}{section.4.17}% 197
\BOOKMARK [3][-]{subsubsection.4.17.2.1}{\376\377\000T\000i\000m\000e\000r}{subsection.4.17.2}% 198
\BOOKMARK [2][-]{subsection.4.17.3}{\376\377\000D\000o\000k\000u\000m\000e\000n\000t\000a\000c\000j\000a\000\040\000f\000u\000n\000k\000c\000j\000i\000\040\000s\000k\001\102\000a\000d\000o\000w\000y\000c\000h}{section.4.17}% 199
\BOOKMARK [3][-]{subsubsection.4.17.3.1}{\376\377\000g\000e\000t\000T\000i\000m\000e}{subsection.4.17.3}% 200
\BOOKMARK [3][-]{subsubsection.4.17.3.2}{\376\377\000s\000t\000a\000r\000t\000\137\000t\000i\000m\000e\000r}{subsection.4.17.3}% 201
\BOOKMARK [3][-]{subsubsection.4.17.3.3}{\376\377\000s\000t\000o\000p\000\137\000t\000i\000m\000e\000r}{subsection.4.17.3}% 202
\BOOKMARK [2][-]{subsection.4.17.4}{\376\377\000D\000o\000k\000u\000m\000e\000n\000t\000a\000c\000j\000a\000\040\000a\000t\000r\000y\000b\000u\000t\000\363\000w\000\040\000s\000k\001\102\000a\000d\000o\000w\000y\000c\000h}{section.4.17}% 203
\BOOKMARK [3][-]{subsubsection.4.17.4.1}{\376\377\000a\000t\000i\000m\000e}{subsection.4.17.4}% 204
\BOOKMARK [3][-]{subsubsection.4.17.4.2}{\376\377\000e\000n\000d}{subsection.4.17.4}% 205
\BOOKMARK [3][-]{subsubsection.4.17.4.3}{\376\377\000s\000t\000a\000r\000t}{subsection.4.17.4}% 206
\BOOKMARK [1][-]{section.4.18}{\376\377\000D\000o\000k\000u\000m\000e\000n\000t\000a\000c\000j\000a\000\040\000s\000z\000a\000b\000l\000o\000n\000u\000\040\000s\000t\000r\000u\000k\000t\000u\000r\000y\000\040\000t\000r\000e\000e\000n\000o\000d\000e\000<\000\040\000t\000y\000p\000e\000\040\000>}{chapter.4}% 207
\BOOKMARK [2][-]{subsection.4.18.1}{\376\377\000O\000p\000i\000s\000\040\000s\000z\000c\000z\000e\000g\000\363\001\102\000o\000w\000y}{section.4.18}% 208
\BOOKMARK [2][-]{subsection.4.18.2}{\376\377\000D\000o\000k\000u\000m\000e\000n\000t\000a\000c\000j\000a\000\040\000k\000o\000n\000s\000t\000r\000u\000k\000t\000o\000r\000a\000\040\000i\000\040\000d\000e\000s\000t\000r\000u\000k\000t\000o\000r\000a}{section.4.18}% 209
\BOOKMARK [3][-]{subsubsection.4.18.2.1}{\376\377\000t\000r\000e\000e\000n\000o\000d\000e}{subsection.4.18.2}% 210
\BOOKMARK [2][-]{subsection.4.18.3}{\376\377\000D\000o\000k\000u\000m\000e\000n\000t\000a\000c\000j\000a\000\040\000a\000t\000r\000y\000b\000u\000t\000\363\000w\000\040\000s\000k\001\102\000a\000d\000o\000w\000y\000c\000h}{section.4.18}% 211
\BOOKMARK [3][-]{subsubsection.4.18.3.1}{\376\377\000l\000e\000f\000t}{subsection.4.18.3}% 212
\BOOKMARK [3][-]{subsubsection.4.18.3.2}{\376\377\000r\000i\000g\000h\000t}{subsection.4.18.3}% 213
\BOOKMARK [3][-]{subsubsection.4.18.3.3}{\376\377\000v\000a\000l}{subsection.4.18.3}% 214
\BOOKMARK [1][-]{section.4.19}{\376\377\000D\000o\000k\000u\000m\000e\000n\000t\000a\000c\000j\000a\000\040\000s\000z\000a\000b\000l\000o\000n\000u\000\040\000k\000l\000a\000s\000y\000\040\000T\000r\000e\000e\000s\000<\000\040\000t\000y\000p\000e\000\040\000>}{chapter.4}% 215
\BOOKMARK [2][-]{subsection.4.19.1}{\376\377\000O\000p\000i\000s\000\040\000s\000z\000c\000z\000e\000g\000\363\001\102\000o\000w\000y}{section.4.19}% 216
\BOOKMARK [2][-]{subsection.4.19.2}{\376\377\000D\000o\000k\000u\000m\000e\000n\000t\000a\000c\000j\000a\000\040\000f\000u\000n\000k\000c\000j\000i\000\040\000s\000k\001\102\000a\000d\000o\000w\000y\000c\000h}{section.4.19}% 217
\BOOKMARK [3][-]{subsubsection.4.19.2.1}{\376\377\000c\000l\000e\000a\000r}{subsection.4.19.2}% 218
\BOOKMARK [3][-]{subsubsection.4.19.2.2}{\376\377\000i\000n\000s\000e\000r\000t}{subsection.4.19.2}% 219
\BOOKMARK [3][-]{subsubsection.4.19.2.3}{\376\377\000r\000e\000m\000o\000v\000e}{subsection.4.19.2}% 220
\BOOKMARK [3][-]{subsubsection.4.19.2.4}{\376\377\000s\000e\000a\000r\000c\000h}{subsection.4.19.2}% 221
\BOOKMARK [0][-]{chapter.5}{\376\377\000D\000o\000k\000u\000m\000e\000n\000t\000a\000c\000j\000a\000\040\000p\000l\000i\000k\000\363\000w}{}% 222
\BOOKMARK [1][-]{section.5.1}{\376\377\000D\000o\000k\000u\000m\000e\000n\000t\000a\000c\000j\000a\000\040\000p\000l\000i\000k\000u\000\040\000a\000b\000d\000a\000t\000a\000.\000h\000h}{chapter.5}% 223
\BOOKMARK [2][-]{subsection.5.1.1}{\376\377\000O\000p\000i\000s\000\040\000s\000z\000c\000z\000e\000g\000\363\001\102\000o\000w\000y}{section.5.1}% 224
\BOOKMARK [1][-]{section.5.2}{\376\377\000a\000b\000d\000a\000t\000a\000.\000h\000h}{chapter.5}% 225
\BOOKMARK [1][-]{section.5.3}{\376\377\000D\000o\000k\000u\000m\000e\000n\000t\000a\000c\000j\000a\000\040\000p\000l\000i\000k\000u\000\040\000a\000b\000d\000a\000t\000a\000t\000o\000o\000l\000s\000.\000h\000h}{chapter.5}% 226
\BOOKMARK [2][-]{subsection.5.3.1}{\376\377\000D\000o\000k\000u\000m\000e\000n\000t\000a\000c\000j\000a\000\040\000f\000u\000n\000k\000c\000j\000i}{section.5.3}% 227
\BOOKMARK [3][-]{subsubsection.5.3.1.1}{\376\377\000c\000l\000e\000a\000r}{subsection.5.3.1}% 228
\BOOKMARK [3][-]{subsubsection.5.3.1.2}{\376\377\000f\000i\000l\000l\000F\000r\000o\000m\000F\000i\000l\000e}{subsection.5.3.1}% 229
\BOOKMARK [1][-]{section.5.4}{\376\377\000a\000b\000d\000a\000t\000a\000t\000o\000o\000l\000s\000.\000h\000h}{chapter.5}% 230
\BOOKMARK [1][-]{section.5.5}{\376\377\000D\000o\000k\000u\000m\000e\000n\000t\000a\000c\000j\000a\000\040\000p\000l\000i\000k\000u\000\040\000a\000s\000s\000o\000c\000t\000a\000b\000.\000h\000h}{chapter.5}% 231
\BOOKMARK [2][-]{subsection.5.5.1}{\376\377\000D\000o\000k\000u\000m\000e\000n\000t\000a\000c\000j\000a\000\040\000d\000e\000f\000i\000n\000i\000c\000j\000i}{section.5.5}% 232
\BOOKMARK [3][-]{subsubsection.5.5.1.1}{\376\377\000H\000A\000S\000H}{subsection.5.5.1}% 233
\BOOKMARK [3][-]{subsubsection.5.5.1.2}{\376\377\000T\000A\000B}{subsection.5.5.1}% 234
\BOOKMARK [1][-]{section.5.6}{\376\377\000a\000s\000s\000o\000c\000t\000a\000b\000.\000h\000h}{chapter.5}% 235
\BOOKMARK [1][-]{section.5.7}{\376\377\000D\000o\000k\000u\000m\000e\000n\000t\000a\000c\000j\000a\000\040\000p\000l\000i\000k\000u\000\040\000b\000e\000n\000c\000h\000m\000a\000r\000k\000.\000c\000p\000p}{chapter.5}% 236
\BOOKMARK [1][-]{section.5.8}{\376\377\000b\000e\000n\000c\000h\000m\000a\000r\000k\000.\000c\000p\000p}{chapter.5}% 237
\BOOKMARK [1][-]{section.5.9}{\376\377\000D\000o\000k\000u\000m\000e\000n\000t\000a\000c\000j\000a\000\040\000p\000l\000i\000k\000u\000\040\000b\000e\000n\000c\000h\000m\000a\000r\000k\000.\000h\000h}{chapter.5}% 238
\BOOKMARK [1][-]{section.5.10}{\376\377\000b\000e\000n\000c\000h\000m\000a\000r\000k\000.\000h\000h}{chapter.5}% 239
\BOOKMARK [1][-]{section.5.11}{\376\377\000D\000o\000k\000u\000m\000e\000n\000t\000a\000c\000j\000a\000\040\000p\000l\000i\000k\000u\000\040\000b\000i\000n\000a\000r\000y\000t\000r\000e\000e\000.\000h\000h}{chapter.5}% 240
\BOOKMARK [1][-]{section.5.12}{\376\377\000b\000i\000n\000a\000r\000y\000t\000r\000e\000e\000.\000h\000h}{chapter.5}% 241
\BOOKMARK [1][-]{section.5.13}{\376\377\000D\000o\000k\000u\000m\000e\000n\000t\000a\000c\000j\000a\000\040\000p\000l\000i\000k\000u\000\040\000i\000t\000e\000r\000a\000b\000l\000e\000.\000h\000h}{chapter.5}% 242
\BOOKMARK [2][-]{subsection.5.13.1}{\376\377\000D\000o\000k\000u\000m\000e\000n\000t\000a\000c\000j\000a\000\040\000f\000u\000n\000k\000c\000j\000i}{section.5.13}% 243
\BOOKMARK [3][-]{subsubsection.5.13.1.1}{\376\377\000d\000i\000s\000p\000l\000a\000y}{subsection.5.13.1}% 244
\BOOKMARK [1][-]{section.5.14}{\376\377\000i\000t\000e\000r\000a\000b\000l\000e\000.\000h\000h}{chapter.5}% 245
\BOOKMARK [1][-]{section.5.15}{\376\377\000D\000o\000k\000u\000m\000e\000n\000t\000a\000c\000j\000a\000\040\000p\000l\000i\000k\000u\000\040\000l\000i\000s\000t\000.\000h\000h}{chapter.5}% 246
\BOOKMARK [1][-]{section.5.16}{\376\377\000l\000i\000s\000t\000.\000h\000h}{chapter.5}% 247
\BOOKMARK [1][-]{section.5.17}{\376\377\000D\000o\000k\000u\000m\000e\000n\000t\000a\000c\000j\000a\000\040\000p\000l\000i\000k\000u\000\040\000l\000i\000s\000t\000a\000r\000r\000a\000y\000.\000h\000h}{chapter.5}% 248
\BOOKMARK [1][-]{section.5.18}{\376\377\000l\000i\000s\000t\000a\000r\000r\000a\000y\000.\000h\000h}{chapter.5}% 249
\BOOKMARK [1][-]{section.5.19}{\376\377\000D\000o\000k\000u\000m\000e\000n\000t\000a\000c\000j\000a\000\040\000p\000l\000i\000k\000u\000\040\000m\000a\000i\000n\000.\000c\000p\000p}{chapter.5}% 250
\BOOKMARK [2][-]{subsection.5.19.1}{\376\377\000D\000o\000k\000u\000m\000e\000n\000t\000a\000c\000j\000a\000\040\000f\000u\000n\000k\000c\000j\000i}{section.5.19}% 251
\BOOKMARK [3][-]{subsubsection.5.19.1.1}{\376\377\000m\000a\000i\000n}{subsection.5.19.1}% 252
\BOOKMARK [1][-]{section.5.20}{\376\377\000m\000a\000i\000n\000.\000c\000p\000p}{chapter.5}% 253
\BOOKMARK [1][-]{section.5.21}{\376\377\000D\000o\000k\000u\000m\000e\000n\000t\000a\000c\000j\000a\000\040\000p\000l\000i\000k\000u\000\040\000n\000o\000d\000e\000.\000h\000h}{chapter.5}% 254
\BOOKMARK [2][-]{subsection.5.21.1}{\376\377\000O\000p\000i\000s\000\040\000s\000z\000c\000z\000e\000g\000\363\001\102\000o\000w\000y}{section.5.21}% 255
\BOOKMARK [1][-]{section.5.22}{\376\377\000n\000o\000d\000e\000.\000h\000h}{chapter.5}% 256
\BOOKMARK [1][-]{section.5.23}{\376\377\000D\000o\000k\000u\000m\000e\000n\000t\000a\000c\000j\000a\000\040\000p\000l\000i\000k\000u\000\040\000o\000b\000s\000e\000r\000v\000e\000r\000.\000h\000h}{chapter.5}% 257
\BOOKMARK [1][-]{section.5.24}{\376\377\000o\000b\000s\000e\000r\000v\000e\000r\000.\000h\000h}{chapter.5}% 258
\BOOKMARK [1][-]{section.5.25}{\376\377\000D\000o\000k\000u\000m\000e\000n\000t\000a\000c\000j\000a\000\040\000p\000l\000i\000k\000u\000\040\000q\000u\000e\000u\000e\000.\000h\000h}{chapter.5}% 259
\BOOKMARK [1][-]{section.5.26}{\376\377\000q\000u\000e\000u\000e\000.\000h\000h}{chapter.5}% 260
\BOOKMARK [1][-]{section.5.27}{\376\377\000D\000o\000k\000u\000m\000e\000n\000t\000a\000c\000j\000a\000\040\000p\000l\000i\000k\000u\000\040\000r\000e\000d\000b\000l\000a\000c\000k\000t\000r\000e\000e\000.\000h\000h}{chapter.5}% 261
\BOOKMARK [2][-]{subsection.5.27.1}{\376\377\000D\000o\000k\000u\000m\000e\000n\000t\000a\000c\000j\000a\000\040\000d\000e\000f\000i\000n\000i\000c\000j\000i}{section.5.27}% 262
\BOOKMARK [3][-]{subsubsection.5.27.1.1}{\376\377\000R\000E\000B\000B\000L\000A\000C\000K\000T\000R\000E\000E\000\137\000H\000H}{subsection.5.27.1}% 263
\BOOKMARK [1][-]{section.5.28}{\376\377\000r\000e\000d\000b\000l\000a\000c\000k\000t\000r\000e\000e\000.\000h\000h}{chapter.5}% 264
\BOOKMARK [1][-]{section.5.29}{\376\377\000D\000o\000k\000u\000m\000e\000n\000t\000a\000c\000j\000a\000\040\000p\000l\000i\000k\000u\000\040\000s\000o\000r\000t\000s\000.\000h\000h}{chapter.5}% 265
\BOOKMARK [2][-]{subsection.5.29.1}{\376\377\000D\000o\000k\000u\000m\000e\000n\000t\000a\000c\000j\000a\000\040\000f\000u\000n\000k\000c\000j\000i}{section.5.29}% 266
\BOOKMARK [3][-]{subsubsection.5.29.1.1}{\376\377\000i\000n\000s\000e\000r\000t\000s\000o\000r\000t}{subsection.5.29.1}% 267
\BOOKMARK [3][-]{subsubsection.5.29.1.2}{\376\377\000q\000u\000i\000c\000k\000s\000o\000r\000t}{subsection.5.29.1}% 268
\BOOKMARK [1][-]{section.5.30}{\376\377\000s\000o\000r\000t\000s\000.\000h\000h}{chapter.5}% 269
\BOOKMARK [1][-]{section.5.31}{\376\377\000D\000o\000k\000u\000m\000e\000n\000t\000a\000c\000j\000a\000\040\000p\000l\000i\000k\000u\000\040\000s\000t\000a\000c\000k\000.\000h\000h}{chapter.5}% 270
\BOOKMARK [1][-]{section.5.32}{\376\377\000s\000t\000a\000c\000k\000.\000h\000h}{chapter.5}% 271
\BOOKMARK [1][-]{section.5.33}{\376\377\000D\000o\000k\000u\000m\000e\000n\000t\000a\000c\000j\000a\000\040\000p\000l\000i\000k\000u\000\040\000t\000i\000m\000e\000r\000.\000c\000p\000p}{chapter.5}% 272
\BOOKMARK [1][-]{section.5.34}{\376\377\000t\000i\000m\000e\000r\000.\000c\000p\000p}{chapter.5}% 273
\BOOKMARK [1][-]{section.5.35}{\376\377\000D\000o\000k\000u\000m\000e\000n\000t\000a\000c\000j\000a\000\040\000p\000l\000i\000k\000u\000\040\000t\000i\000m\000e\000r\000.\000h\000h}{chapter.5}% 274
\BOOKMARK [2][-]{subsection.5.35.1}{\376\377\000O\000p\000i\000s\000\040\000s\000z\000c\000z\000e\000g\000\363\001\102\000o\000w\000y}{section.5.35}% 275
\BOOKMARK [1][-]{section.5.36}{\376\377\000t\000i\000m\000e\000r\000.\000h\000h}{chapter.5}% 276
\BOOKMARK [1][-]{section.5.37}{\376\377\000D\000o\000k\000u\000m\000e\000n\000t\000a\000c\000j\000a\000\040\000p\000l\000i\000k\000u\000\040\000t\000o\000o\000l\000s\000.\000h\000h}{chapter.5}% 277
\BOOKMARK [2][-]{subsection.5.37.1}{\376\377\000D\000o\000k\000u\000m\000e\000n\000t\000a\000c\000j\000a\000\040\000f\000u\000n\000k\000c\000j\000i}{section.5.37}% 278
\BOOKMARK [3][-]{subsubsection.5.37.1.1}{\376\377\000s\000u\000b\000s\000t\000i\000t\000u\000t\000e}{subsection.5.37.1}% 279
\BOOKMARK [3][-]{subsubsection.5.37.1.2}{\376\377\000t\000o\000s\000t\000r\000i\000n\000g}{subsection.5.37.1}% 280
\BOOKMARK [1][-]{section.5.38}{\376\377\000t\000o\000o\000l\000s\000.\000h\000h}{chapter.5}% 281
\BOOKMARK [1][-]{section.5.39}{\376\377\000D\000o\000k\000u\000m\000e\000n\000t\000a\000c\000j\000a\000\040\000p\000l\000i\000k\000u\000\040\000t\000r\000e\000e\000s\000.\000h\000h}{chapter.5}% 282
\BOOKMARK [1][-]{section.5.40}{\376\377\000t\000r\000e\000e\000s\000.\000h\000h}{chapter.5}% 283
\BOOKMARK [0][-]{section*.73}{\376\377\000I\000n\000d\000e\000k\000s}{}% 284
